[debug] [2023-01-26T21:18:57.100Z] ----------------------------------------------------------------------
[debug] [2023-01-26T21:18:57.102Z] Command:       C:\Program Files\nodejs\node.exe C:\Users\Sir Dylan 98\AppData\Roaming\npm\node_modules\firebase-tools\lib\bin\firebase.js deploy
[debug] [2023-01-26T21:18:57.103Z] CLI Version:   11.21.0
[debug] [2023-01-26T21:18:57.103Z] Platform:      win32
[debug] [2023-01-26T21:18:57.103Z] Node Version:  v18.12.1
[debug] [2023-01-26T21:18:57.104Z] Time:          Thu Jan 26 2023 23:18:57 GMT+0200 (Central Africa Time)
[debug] [2023-01-26T21:18:57.104Z] ----------------------------------------------------------------------
[debug] 
[debug] [2023-01-26T21:18:57.191Z] > refreshing access token with scopes: []
[debug] [2023-01-26T21:18:57.194Z] >>> [apiv2][query] POST https://www.googleapis.com/oauth2/v3/token [none]
[debug] [2023-01-26T21:18:57.194Z] >>> [apiv2][body] POST https://www.googleapis.com/oauth2/v3/token [omitted]
[debug] [2023-01-26T21:18:58.390Z] <<< [apiv2][status] POST https://www.googleapis.com/oauth2/v3/token 200
[debug] [2023-01-26T21:18:58.391Z] <<< [apiv2][body] POST https://www.googleapis.com/oauth2/v3/token [omitted]
[debug] [2023-01-26T21:18:58.407Z] >>> [apiv2][query] GET https://firebase.googleapis.com/v1beta1/projects/undefined [none]
[debug] [2023-01-26T21:18:59.463Z] <<< [apiv2][status] GET https://firebase.googleapis.com/v1beta1/projects/undefined 403
[debug] [2023-01-26T21:18:59.463Z] <<< [apiv2][body] GET https://firebase.googleapis.com/v1beta1/projects/undefined {"error":{"code":403,"message":"The caller does not have permission","status":"PERMISSION_DENIED"}}
[debug] [2023-01-26T21:18:59.464Z] HTTP Error: 403, The caller does not have permission
[debug] [2023-01-26T21:19:00.403Z] FirebaseError: HTTP Error: 403, The caller does not have permission
    at responseToError (C:\Users\Sir Dylan 98\AppData\Roaming\npm\node_modules\firebase-tools\lib\responseToError.js:49:12)
    at RetryOperation._fn (C:\Users\Sir Dylan 98\AppData\Roaming\npm\node_modules\firebase-tools\lib\apiv2.js:288:77)
    at process.processTicksAndRejections (node:internal/process/task_queues:95:5)
[error] 
[error] Error: Failed to get Firebase project undefined. Please make sure the project exists and your account has permission to access it.
